<?xml version="1.0" encoding="UTF-8"?>
<testng-results ignored="0" total="1" passed="1" failed="0" skipped="0">
  <reporter-output>
  </reporter-output>
  <suite started-at="2026-01-12T12:59:21 IST" name="Surefire suite" finished-at="2026-01-12T12:59:30 IST" duration-ms="9042">
    <groups>
    </groups>
    <test started-at="2026-01-12T12:59:21 IST" name="Surefire test" finished-at="2026-01-12T12:59:30 IST" duration-ms="9042">
      <class name="com.company.framework.tests.LoginTest">
        <test-method is-config="true" signature="setUp()[pri:0, instance:com.company.framework.tests.LoginTest@7241a47d]" started-at="2026-01-12T12:59:21 IST" name="setUp" finished-at="2026-01-12T12:59:24 IST" duration-ms="3102" status="PASS">
          <reporter-output>
          </reporter-output>
        </test-method> <!-- setUp -->
        <test-method signature="validLoginTest()[pri:0, instance:com.company.framework.tests.LoginTest@7241a47d]" started-at="2026-01-12T12:59:24 IST" name="validLoginTest" finished-at="2026-01-12T12:59:30 IST" duration-ms="5634" status="PASS">
          <reporter-output>
          </reporter-output>
        </test-method> <!-- validLoginTest -->
        <test-method is-config="true" signature="tearDown(org.testng.ITestResult)[pri:0, instance:com.company.framework.tests.LoginTest@7241a47d]" started-at="2026-01-12T12:59:30 IST" name="tearDown" finished-at="2026-01-12T12:59:30 IST" duration-ms="256" status="PASS">
          <params>
            <param index="0">
              <value>
                <![CDATA[[TestResult name=validLoginTest status=SUCCESS method=LoginTest.validLoginTest()[pri:0, instance:com.company.framework.tests.LoginTest@7241a47d] output={null}]]]>
              </value>
            </param>
          </params>
          <reporter-output>
          </reporter-output>
        </test-method> <!-- tearDown -->
      </class> <!-- com.company.framework.tests.LoginTest -->
    </test> <!-- Surefire test -->
  </suite> <!-- Surefire suite -->
</testng-results>
